2023-05-09 22:07:17,599 [Worker-1: Loading available Gradle versions] INFO  o.e.b.c.i.u.g.PublishedGradleVersions - Gradle version information cache is out-of-date. Trying to update.
2023-05-09 22:07:20,846 [Worker-14: Auto share git projects] WARN  org.eclipse.jgit.util.FS_Win32 - null
2023-05-09 22:15:14,885 [Worker-5: Loading available Gradle versions] INFO  o.e.b.c.i.u.g.PublishedGradleVersions - Gradle version information cache is up-to-date. Trying to read.
2023-05-09 22:29:48,135 [Worker-21: Auto share git projects] WARN  org.eclipse.jgit.util.FS_Win32 - null
2023-05-09 22:30:04,970 [Worker-16: Building] INFO  o.e.m.c.i.l.LifecycleMappingFactory - Using org.maven.ide.eclipse.wtp.WarLifecycleMapping lifecycle mapping for MavenProject: hubo.burger:hbweb:0.0.1-SNAPSHOT @ C:\Users\carlo\Documents\GitHub\DI_DAM2\hbwebrepos\hbweb\pom.xml.
2023-05-09 22:30:09,102 [Worker-16: Building] INFO  o.a.m.s.f.DefaultMavenResourcesFiltering - Copying 1 resource
2023-05-09 22:30:09,119 [Worker-16: Building] INFO  o.a.m.s.f.DefaultMavenResourcesFiltering - Copying 42 resources
2023-05-09 22:30:09,249 [Worker-16: Building] INFO  o.a.m.s.f.DefaultMavenResourcesFiltering - skip non existing resourceDirectory C:\Users\carlo\Documents\GitHub\DI_DAM2\hbwebrepos\hbweb\src\test\resources
2023-05-09 22:30:17,039 [Worker-16: Building] INFO  o.a.m.s.f.DefaultMavenResourcesFiltering - Copying 1 resource
2023-05-09 22:30:17,043 [Worker-16: Building] INFO  o.a.m.s.f.DefaultMavenResourcesFiltering - Copying 42 resources
2023-05-09 22:30:17,056 [Worker-16: Building] INFO  o.a.m.s.f.DefaultMavenResourcesFiltering - skip non existing resourceDirectory C:\Users\carlo\Documents\GitHub\DI_DAM2\hbwebrepos\hbweb\src\test\resources
2023-05-09 22:30:29,103 [Worker-23: Building] INFO  o.a.m.s.f.DefaultMavenResourcesFiltering - Copying 1 resource
2023-05-09 22:30:29,109 [Worker-23: Building] INFO  o.a.m.s.f.DefaultMavenResourcesFiltering - Copying 42 resources
2023-05-09 22:30:29,195 [Worker-23: Building] INFO  o.a.m.s.f.DefaultMavenResourcesFiltering - skip non existing resourceDirectory C:\Users\carlo\Documents\GitHub\DI_DAM2\hbwebrepos\hbweb\src\test\resources
2023-05-09 22:31:59,198 [Worker-21: Building] INFO  o.a.m.s.f.DefaultMavenResourcesFiltering - Copying 1 resource
2023-05-09 22:31:59,203 [Worker-21: Building] INFO  o.a.m.s.f.DefaultMavenResourcesFiltering - Copying 0 resource
2023-05-09 22:31:59,206 [Worker-21: Building] INFO  o.a.m.s.f.DefaultMavenResourcesFiltering - skip non existing resourceDirectory C:\Users\carlo\Documents\GitHub\DI_DAM2\hbwebrepos\hbweb\src\test\resources
2023-05-09 22:39:42,711 [Worker-14: Building] INFO  o.e.m.c.i.l.LifecycleMappingFactory - Using org.maven.ide.eclipse.wtp.WarLifecycleMapping lifecycle mapping for MavenProject: hubo.burger:hbweb:0.0.1-SNAPSHOT @ C:\Users\carlo\Documents\GitHub\DI_DAM2\hbwebrepos\hbweb\pom.xml.
2023-05-09 22:39:43,399 [Worker-14: Building] INFO  o.e.m.c.i.e.AbstractTransferListenerAdapter - Downloading https://repo.maven.apache.org/maven2/com/microsoft/azure/azure-webapp-maven-plugin/1.11.0/azure-webapp-maven-plugin-1.11.0.pom
2023-05-09 22:39:43,546 [Worker-14: Building] INFO  o.e.m.c.i.e.AbstractTransferListenerAdapter - Downloaded https://repo.maven.apache.org/maven2/com/microsoft/azure/azure-webapp-maven-plugin/1.11.0/azure-webapp-maven-plugin-1.11.0.pom
2023-05-09 22:39:43,703 [Worker-14: Building] INFO  o.e.m.c.i.e.AbstractTransferListenerAdapter - Downloading https://repo.maven.apache.org/maven2/com/microsoft/azure/azure-maven-plugins-pom/1.0.4/azure-maven-plugins-pom-1.0.4.pom
2023-05-09 22:39:43,748 [Worker-14: Building] INFO  o.e.m.c.i.e.AbstractTransferListenerAdapter - Downloaded https://repo.maven.apache.org/maven2/com/microsoft/azure/azure-maven-plugins-pom/1.0.4/azure-maven-plugins-pom-1.0.4.pom
2023-05-09 22:39:43,852 [Worker-14: Building] INFO  o.e.m.c.i.e.AbstractTransferListenerAdapter - Downloading https://repo.maven.apache.org/maven2/com/microsoft/azure/azure-webapp-maven-plugin/1.11.0/azure-webapp-maven-plugin-1.11.0.jar
2023-05-09 22:39:44,008 [Worker-14: Building] INFO  o.e.m.c.i.e.AbstractTransferListenerAdapter - Downloaded https://repo.maven.apache.org/maven2/com/microsoft/azure/azure-webapp-maven-plugin/1.11.0/azure-webapp-maven-plugin-1.11.0.jar
2023-05-09 22:39:44,306 [Worker-14: Building] INFO  o.a.m.s.f.DefaultMavenResourcesFiltering - Copying 0 resource
2023-05-09 22:39:44,306 [Worker-14: Building] INFO  o.a.m.s.f.DefaultMavenResourcesFiltering - Copying 0 resource
2023-05-09 22:39:44,311 [Worker-14: Building] INFO  o.a.m.s.f.DefaultMavenResourcesFiltering - skip non existing resourceDirectory C:\Users\carlo\Documents\GitHub\DI_DAM2\hbwebrepos\hbweb\src\test\resources
2023-05-09 22:39:44,312 [Worker-14: Building] INFO  o.e.m.w.i.f.ResourceFilteringBuildParticipant - Changed resources require a complete clean of filtered resources of hbweb
2023-05-09 22:39:44,313 [Worker-14: Building] INFO  o.e.m.w.i.f.ResourceFilteringBuildParticipant - Executing resource filtering for hbweb
2023-05-09 22:41:09,240 [Worker-26: Building] INFO  o.e.m.c.i.l.LifecycleMappingFactory - Using org.eclipse.m2e.jdt.JarLifecycleMapping lifecycle mapping for MavenProject: hubo.burger:hbweb:0.0.1-SNAPSHOT @ C:\Users\carlo\Documents\GitHub\DI_DAM2\hbwebrepos\hbweb\pom.xml.
2023-05-09 22:41:09,790 [Worker-26: Building] INFO  o.a.m.s.f.DefaultMavenResourcesFiltering - Copying 0 resource
2023-05-09 22:41:09,791 [Worker-26: Building] INFO  o.a.m.s.f.DefaultMavenResourcesFiltering - Copying 0 resource
2023-05-09 22:41:09,793 [Worker-26: Building] INFO  o.a.m.s.f.DefaultMavenResourcesFiltering - skip non existing resourceDirectory C:\Users\carlo\Documents\GitHub\DI_DAM2\hbwebrepos\hbweb\src\test\resources
2023-05-09 22:41:21,772 [Worker-28: Building] INFO  o.e.m.c.i.l.LifecycleMappingFactory - Using org.eclipse.m2e.jdt.JarLifecycleMapping lifecycle mapping for MavenProject: hubo.burger:hbweb:0.0.1-SNAPSHOT @ C:\Users\carlo\Documents\GitHub\DI_DAM2\hbwebrepos\hbweb\pom.xml.
2023-05-09 22:41:22,147 [Worker-28: Building] INFO  o.a.m.s.f.DefaultMavenResourcesFiltering - Copying 0 resource
2023-05-09 22:41:22,147 [Worker-28: Building] INFO  o.a.m.s.f.DefaultMavenResourcesFiltering - Copying 0 resource
2023-05-09 22:41:22,150 [Worker-28: Building] INFO  o.a.m.s.f.DefaultMavenResourcesFiltering - skip non existing resourceDirectory C:\Users\carlo\Documents\GitHub\DI_DAM2\hbwebrepos\hbweb\src\test\resources
2023-05-09 22:49:42,318 [Worker-29: Launching Executing clean in C__Users_carlo_Documents_GitHub_DI_DAM2_hbwebrepos_hbweb] INFO  o.eclipse.m2e.core.internal.Bundles - getClasspathEntries(Bundle=org.eclipse.m2e.maven.runtime_3.8.604.20221130-2149 [345])
2023-05-09 22:49:42,328 [Worker-29: Launching Executing clean in C__Users_carlo_Documents_GitHub_DI_DAM2_hbwebrepos_hbweb] INFO  o.eclipse.m2e.core.internal.Bundles - 	Entry: C:\STS Spring Boot\sts-4.17.2.RELEASE\plugins\org.eclipse.m2e.maven.runtime_3.8.604.20221130-2149
2023-05-09 22:49:42,328 [Worker-29: Launching Executing clean in C__Users_carlo_Documents_GitHub_DI_DAM2_hbwebrepos_hbweb] INFO  o.eclipse.m2e.core.internal.Bundles - 	Entry: C:\STS Spring Boot\sts-4.17.2.RELEASE\plugins\org.eclipse.m2e.maven.runtime_3.8.604.20221130-2149\jars\aether-connector-okhttp-0.17.8.jar
2023-05-09 22:49:42,328 [Worker-29: Launching Executing clean in C__Users_carlo_Documents_GitHub_DI_DAM2_hbwebrepos_hbweb] INFO  o.eclipse.m2e.core.internal.Bundles - 	Entry: C:\STS Spring Boot\sts-4.17.2.RELEASE\plugins\org.eclipse.m2e.maven.runtime_3.8.604.20221130-2149\jars\commons-cli-1.4.jar
2023-05-09 22:49:42,328 [Worker-29: Launching Executing clean in C__Users_carlo_Documents_GitHub_DI_DAM2_hbwebrepos_hbweb] INFO  o.eclipse.m2e.core.internal.Bundles - 	Entry: C:\STS Spring Boot\sts-4.17.2.RELEASE\plugins\org.eclipse.m2e.maven.runtime_3.8.604.20221130-2149\jars\commons-io-2.6.jar
2023-05-09 22:49:42,328 [Worker-29: Launching Executing clean in C__Users_carlo_Documents_GitHub_DI_DAM2_hbwebrepos_hbweb] INFO  o.eclipse.m2e.core.internal.Bundles - 	Entry: C:\STS Spring Boot\sts-4.17.2.RELEASE\plugins\org.eclipse.m2e.maven.runtime_3.8.604.20221130-2149\jars\commons-lang3-3.8.1.jar
2023-05-09 22:49:42,328 [Worker-29: Launching Executing clean in C__Users_carlo_Documents_GitHub_DI_DAM2_hbwebrepos_hbweb] INFO  o.eclipse.m2e.core.internal.Bundles - 	Entry: C:\STS Spring Boot\sts-4.17.2.RELEASE\plugins\org.eclipse.m2e.maven.runtime_3.8.604.20221130-2149\jars\guice-4.2.2-no_aop.jar
2023-05-09 22:49:42,329 [Worker-29: Launching Executing clean in C__Users_carlo_Documents_GitHub_DI_DAM2_hbwebrepos_hbweb] INFO  o.eclipse.m2e.core.internal.Bundles - 	Entry: C:\STS Spring Boot\sts-4.17.2.RELEASE\plugins\org.eclipse.m2e.maven.runtime_3.8.604.20221130-2149\jars\jansi-2.4.0.jar
2023-05-09 22:49:42,329 [Worker-29: Launching Executing clean in C__Users_carlo_Documents_GitHub_DI_DAM2_hbwebrepos_hbweb] INFO  o.eclipse.m2e.core.internal.Bundles - 	Entry: C:\STS Spring Boot\sts-4.17.2.RELEASE\plugins\org.eclipse.m2e.maven.runtime_3.8.604.20221130-2149\jars\maven-artifact-3.8.6.jar
2023-05-09 22:49:42,329 [Worker-29: Launching Executing clean in C__Users_carlo_Documents_GitHub_DI_DAM2_hbwebrepos_hbweb] INFO  o.eclipse.m2e.core.internal.Bundles - 	Entry: C:\STS Spring Boot\sts-4.17.2.RELEASE\plugins\org.eclipse.m2e.maven.runtime_3.8.604.20221130-2149\jars\maven-builder-support-3.8.6.jar
2023-05-09 22:49:42,329 [Worker-29: Launching Executing clean in C__Users_carlo_Documents_GitHub_DI_DAM2_hbwebrepos_hbweb] INFO  o.eclipse.m2e.core.internal.Bundles - 	Entry: C:\STS Spring Boot\sts-4.17.2.RELEASE\plugins\org.eclipse.m2e.maven.runtime_3.8.604.20221130-2149\jars\maven-compat-3.8.6.jar
2023-05-09 22:49:42,329 [Worker-29: Launching Executing clean in C__Users_carlo_Documents_GitHub_DI_DAM2_hbwebrepos_hbweb] INFO  o.eclipse.m2e.core.internal.Bundles - 	Entry: C:\STS Spring Boot\sts-4.17.2.RELEASE\plugins\org.eclipse.m2e.maven.runtime_3.8.604.20221130-2149\jars\maven-core-3.8.6.jar
2023-05-09 22:49:42,329 [Worker-29: Launching Executing clean in C__Users_carlo_Documents_GitHub_DI_DAM2_hbwebrepos_hbweb] INFO  o.eclipse.m2e.core.internal.Bundles - 	Entry: C:\STS Spring Boot\sts-4.17.2.RELEASE\plugins\org.eclipse.m2e.maven.runtime_3.8.604.20221130-2149\jars\maven-embedder-3.8.6.jar
2023-05-09 22:49:42,329 [Worker-29: Launching Executing clean in C__Users_carlo_Documents_GitHub_DI_DAM2_hbwebrepos_hbweb] INFO  o.eclipse.m2e.core.internal.Bundles - 	Entry: C:\STS Spring Boot\sts-4.17.2.RELEASE\plugins\org.eclipse.m2e.maven.runtime_3.8.604.20221130-2149\jars\maven-model-3.8.6.jar
2023-05-09 22:49:42,329 [Worker-29: Launching Executing clean in C__Users_carlo_Documents_GitHub_DI_DAM2_hbwebrepos_hbweb] INFO  o.eclipse.m2e.core.internal.Bundles - 	Entry: C:\STS Spring Boot\sts-4.17.2.RELEASE\plugins\org.eclipse.m2e.maven.runtime_3.8.604.20221130-2149\jars\maven-model-builder-3.8.6.jar
2023-05-09 22:49:42,329 [Worker-29: Launching Executing clean in C__Users_carlo_Documents_GitHub_DI_DAM2_hbwebrepos_hbweb] INFO  o.eclipse.m2e.core.internal.Bundles - 	Entry: C:\STS Spring Boot\sts-4.17.2.RELEASE\plugins\org.eclipse.m2e.maven.runtime_3.8.604.20221130-2149\jars\maven-plugin-api-3.8.6.jar
2023-05-09 22:49:42,330 [Worker-29: Launching Executing clean in C__Users_carlo_Documents_GitHub_DI_DAM2_hbwebrepos_hbweb] INFO  o.eclipse.m2e.core.internal.Bundles - 	Entry: C:\STS Spring Boot\sts-4.17.2.RELEASE\plugins\org.eclipse.m2e.maven.runtime_3.8.604.20221130-2149\jars\maven-repository-metadata-3.8.6.jar
2023-05-09 22:49:42,330 [Worker-29: Launching Executing clean in C__Users_carlo_Documents_GitHub_DI_DAM2_hbwebrepos_hbweb] INFO  o.eclipse.m2e.core.internal.Bundles - 	Entry: C:\STS Spring Boot\sts-4.17.2.RELEASE\plugins\org.eclipse.m2e.maven.runtime_3.8.604.20221130-2149\jars\maven-resolver-api-1.6.3.jar
2023-05-09 22:49:42,330 [Worker-29: Launching Executing clean in C__Users_carlo_Documents_GitHub_DI_DAM2_hbwebrepos_hbweb] INFO  o.eclipse.m2e.core.internal.Bundles - 	Entry: C:\STS Spring Boot\sts-4.17.2.RELEASE\plugins\org.eclipse.m2e.maven.runtime_3.8.604.20221130-2149\jars\maven-resolver-connector-basic-1.6.3.jar
2023-05-09 22:49:42,330 [Worker-29: Launching Executing clean in C__Users_carlo_Documents_GitHub_DI_DAM2_hbwebrepos_hbweb] INFO  o.eclipse.m2e.core.internal.Bundles - 	Entry: C:\STS Spring Boot\sts-4.17.2.RELEASE\plugins\org.eclipse.m2e.maven.runtime_3.8.604.20221130-2149\jars\maven-resolver-impl-1.6.3.jar
2023-05-09 22:49:42,330 [Worker-29: Launching Executing clean in C__Users_carlo_Documents_GitHub_DI_DAM2_hbwebrepos_hbweb] INFO  o.eclipse.m2e.core.internal.Bundles - 	Entry: C:\STS Spring Boot\sts-4.17.2.RELEASE\plugins\org.eclipse.m2e.maven.runtime_3.8.604.20221130-2149\jars\maven-resolver-provider-3.8.6.jar
2023-05-09 22:49:42,330 [Worker-29: Launching Executing clean in C__Users_carlo_Documents_GitHub_DI_DAM2_hbwebrepos_hbweb] INFO  o.eclipse.m2e.core.internal.Bundles - 	Entry: C:\STS Spring Boot\sts-4.17.2.RELEASE\plugins\org.eclipse.m2e.maven.runtime_3.8.604.20221130-2149\jars\maven-resolver-spi-1.6.3.jar
2023-05-09 22:49:42,330 [Worker-29: Launching Executing clean in C__Users_carlo_Documents_GitHub_DI_DAM2_hbwebrepos_hbweb] INFO  o.eclipse.m2e.core.internal.Bundles - 	Entry: C:\STS Spring Boot\sts-4.17.2.RELEASE\plugins\org.eclipse.m2e.maven.runtime_3.8.604.20221130-2149\jars\maven-resolver-transport-wagon-1.6.3.jar
2023-05-09 22:49:42,330 [Worker-29: Launching Executing clean in C__Users_carlo_Documents_GitHub_DI_DAM2_hbwebrepos_hbweb] INFO  o.eclipse.m2e.core.internal.Bundles - 	Entry: C:\STS Spring Boot\sts-4.17.2.RELEASE\plugins\org.eclipse.m2e.maven.runtime_3.8.604.20221130-2149\jars\maven-resolver-util-1.6.3.jar
2023-05-09 22:49:42,330 [Worker-29: Launching Executing clean in C__Users_carlo_Documents_GitHub_DI_DAM2_hbwebrepos_hbweb] INFO  o.eclipse.m2e.core.internal.Bundles - 	Entry: C:\STS Spring Boot\sts-4.17.2.RELEASE\plugins\org.eclipse.m2e.maven.runtime_3.8.604.20221130-2149\jars\maven-settings-3.8.6.jar
2023-05-09 22:49:42,331 [Worker-29: Launching Executing clean in C__Users_carlo_Documents_GitHub_DI_DAM2_hbwebrepos_hbweb] INFO  o.eclipse.m2e.core.internal.Bundles - 	Entry: C:\STS Spring Boot\sts-4.17.2.RELEASE\plugins\org.eclipse.m2e.maven.runtime_3.8.604.20221130-2149\jars\maven-settings-builder-3.8.6.jar
2023-05-09 22:49:42,331 [Worker-29: Launching Executing clean in C__Users_carlo_Documents_GitHub_DI_DAM2_hbwebrepos_hbweb] INFO  o.eclipse.m2e.core.internal.Bundles - 	Entry: C:\STS Spring Boot\sts-4.17.2.RELEASE\plugins\org.eclipse.m2e.maven.runtime_3.8.604.20221130-2149\jars\maven-shared-utils-3.3.4.jar
2023-05-09 22:49:42,331 [Worker-29: Launching Executing clean in C__Users_carlo_Documents_GitHub_DI_DAM2_hbwebrepos_hbweb] INFO  o.eclipse.m2e.core.internal.Bundles - 	Entry: C:\STS Spring Boot\sts-4.17.2.RELEASE\plugins\org.eclipse.m2e.maven.runtime_3.8.604.20221130-2149\jars\okhttp-3.14.1.jar
2023-05-09 22:49:42,331 [Worker-29: Launching Executing clean in C__Users_carlo_Documents_GitHub_DI_DAM2_hbwebrepos_hbweb] INFO  o.eclipse.m2e.core.internal.Bundles - 	Entry: C:\STS Spring Boot\sts-4.17.2.RELEASE\plugins\org.eclipse.m2e.maven.runtime_3.8.604.20221130-2149\jars\okio-1.17.3.jar
2023-05-09 22:49:42,331 [Worker-29: Launching Executing clean in C__Users_carlo_Documents_GitHub_DI_DAM2_hbwebrepos_hbweb] INFO  o.eclipse.m2e.core.internal.Bundles - 	Entry: C:\STS Spring Boot\sts-4.17.2.RELEASE\plugins\org.eclipse.m2e.maven.runtime_3.8.604.20221130-2149\jars\org.eclipse.sisu.inject-0.3.5.jar
2023-05-09 22:49:42,332 [Worker-29: Launching Executing clean in C__Users_carlo_Documents_GitHub_DI_DAM2_hbwebrepos_hbweb] INFO  o.eclipse.m2e.core.internal.Bundles - 	Entry: C:\STS Spring Boot\sts-4.17.2.RELEASE\plugins\org.eclipse.m2e.maven.runtime_3.8.604.20221130-2149\jars\org.eclipse.sisu.plexus-0.3.5.jar
2023-05-09 22:49:42,332 [Worker-29: Launching Executing clean in C__Users_carlo_Documents_GitHub_DI_DAM2_hbwebrepos_hbweb] INFO  o.eclipse.m2e.core.internal.Bundles - 	Entry: C:\STS Spring Boot\sts-4.17.2.RELEASE\plugins\org.eclipse.m2e.maven.runtime_3.8.604.20221130-2149\jars\plexus-build-api-0.0.7.jar
2023-05-09 22:49:42,332 [Worker-29: Launching Executing clean in C__Users_carlo_Documents_GitHub_DI_DAM2_hbwebrepos_hbweb] INFO  o.eclipse.m2e.core.internal.Bundles - 	Entry: C:\STS Spring Boot\sts-4.17.2.RELEASE\plugins\org.eclipse.m2e.maven.runtime_3.8.604.20221130-2149\jars\plexus-cipher-2.0.jar
2023-05-09 22:49:42,332 [Worker-29: Launching Executing clean in C__Users_carlo_Documents_GitHub_DI_DAM2_hbwebrepos_hbweb] INFO  o.eclipse.m2e.core.internal.Bundles - 	Entry: C:\STS Spring Boot\sts-4.17.2.RELEASE\plugins\org.eclipse.m2e.maven.runtime_3.8.604.20221130-2149\jars\plexus-classworlds-2.6.0.jar
2023-05-09 22:49:42,332 [Worker-29: Launching Executing clean in C__Users_carlo_Documents_GitHub_DI_DAM2_hbwebrepos_hbweb] INFO  o.eclipse.m2e.core.internal.Bundles - 	Entry: C:\STS Spring Boot\sts-4.17.2.RELEASE\plugins\org.eclipse.m2e.maven.runtime_3.8.604.20221130-2149\jars\plexus-component-annotations-2.1.0.jar
2023-05-09 22:49:42,333 [Worker-29: Launching Executing clean in C__Users_carlo_Documents_GitHub_DI_DAM2_hbwebrepos_hbweb] INFO  o.eclipse.m2e.core.internal.Bundles - 	Entry: C:\STS Spring Boot\sts-4.17.2.RELEASE\plugins\org.eclipse.m2e.maven.runtime_3.8.604.20221130-2149\jars\plexus-interpolation-1.26.jar
2023-05-09 22:49:42,333 [Worker-29: Launching Executing clean in C__Users_carlo_Documents_GitHub_DI_DAM2_hbwebrepos_hbweb] INFO  o.eclipse.m2e.core.internal.Bundles - 	Entry: C:\STS Spring Boot\sts-4.17.2.RELEASE\plugins\org.eclipse.m2e.maven.runtime_3.8.604.20221130-2149\jars\plexus-sec-dispatcher-2.0.jar
2023-05-09 22:49:42,333 [Worker-29: Launching Executing clean in C__Users_carlo_Documents_GitHub_DI_DAM2_hbwebrepos_hbweb] INFO  o.eclipse.m2e.core.internal.Bundles - 	Entry: C:\STS Spring Boot\sts-4.17.2.RELEASE\plugins\org.eclipse.m2e.maven.runtime_3.8.604.20221130-2149\jars\plexus-utils-3.3.1.jar
2023-05-09 22:49:42,333 [Worker-29: Launching Executing clean in C__Users_carlo_Documents_GitHub_DI_DAM2_hbwebrepos_hbweb] INFO  o.eclipse.m2e.core.internal.Bundles - 	Entry: C:\STS Spring Boot\sts-4.17.2.RELEASE\plugins\org.eclipse.m2e.maven.runtime_3.8.604.20221130-2149\jars\wagon-file-3.5.1.jar
2023-05-09 22:49:42,333 [Worker-29: Launching Executing clean in C__Users_carlo_Documents_GitHub_DI_DAM2_hbwebrepos_hbweb] INFO  o.eclipse.m2e.core.internal.Bundles - 	Entry: C:\STS Spring Boot\sts-4.17.2.RELEASE\plugins\org.eclipse.m2e.maven.runtime_3.8.604.20221130-2149\jars\wagon-provider-api-3.5.1.jar
2023-05-09 22:49:42,334 [Worker-29: Launching Executing clean in C__Users_carlo_Documents_GitHub_DI_DAM2_hbwebrepos_hbweb] INFO  o.eclipse.m2e.core.internal.Bundles - getClasspathEntries(Bundle=com.google.guava_30.1.0.v20221112-0806 [22])
2023-05-09 22:49:42,335 [Worker-29: Launching Executing clean in C__Users_carlo_Documents_GitHub_DI_DAM2_hbwebrepos_hbweb] INFO  o.eclipse.m2e.core.internal.Bundles - 	Entry: C:\STS Spring Boot\sts-4.17.2.RELEASE\plugins\com.google.guava_30.1.0.v20221112-0806.jar
2023-05-09 22:49:42,336 [Worker-29: Launching Executing clean in C__Users_carlo_Documents_GitHub_DI_DAM2_hbwebrepos_hbweb] INFO  o.eclipse.m2e.core.internal.Bundles - getClasspathEntries(Bundle=slf4j.api_1.7.36 [584])
2023-05-09 22:49:42,336 [Worker-29: Launching Executing clean in C__Users_carlo_Documents_GitHub_DI_DAM2_hbwebrepos_hbweb] INFO  o.eclipse.m2e.core.internal.Bundles - 	Entry: C:\STS Spring Boot\sts-4.17.2.RELEASE\plugins\slf4j.api_1.7.36.jar
2023-05-09 22:49:42,336 [Worker-29: Launching Executing clean in C__Users_carlo_Documents_GitHub_DI_DAM2_hbwebrepos_hbweb] INFO  o.eclipse.m2e.core.internal.Bundles - getClasspathEntries(Bundle=javax.inject_1.0.0.v20220405-0441 [49])
2023-05-09 22:49:42,337 [Worker-29: Launching Executing clean in C__Users_carlo_Documents_GitHub_DI_DAM2_hbwebrepos_hbweb] INFO  o.eclipse.m2e.core.internal.Bundles - 	Entry: C:\STS Spring Boot\sts-4.17.2.RELEASE\plugins\javax.inject_1.0.0.v20220405-0441.jar
2023-05-09 22:49:42,337 [Worker-29: Launching Executing clean in C__Users_carlo_Documents_GitHub_DI_DAM2_hbwebrepos_hbweb] INFO  o.eclipse.m2e.core.internal.Bundles - getClasspathEntries(Bundle=javax.annotation_1.3.5.v20221112-0806 [47])
2023-05-09 22:49:42,338 [Worker-29: Launching Executing clean in C__Users_carlo_Documents_GitHub_DI_DAM2_hbwebrepos_hbweb] INFO  o.eclipse.m2e.core.internal.Bundles - 	Entry: C:\STS Spring Boot\sts-4.17.2.RELEASE\plugins\javax.annotation_1.3.5.v20221112-0806.jar
2023-05-09 22:49:42,340 [Worker-29: Launching Executing clean in C__Users_carlo_Documents_GitHub_DI_DAM2_hbwebrepos_hbweb] INFO  o.e.m.i.launch.MavenLaunchDelegate - Run build in "C:\Users\carlo\Documents\GitHub\DI_DAM2\hbwebrepos\hbweb":
2023-05-09 22:49:42,341 [Worker-29: Launching Executing clean in C__Users_carlo_Documents_GitHub_DI_DAM2_hbwebrepos_hbweb] INFO  o.e.m.i.launch.MavenLaunchDelegate -  mvn  -B -Dstyle.color=always clean
2023-05-09 22:49:44,679 [Worker-32: Building] INFO  o.a.m.s.f.DefaultMavenResourcesFiltering - Copying 1 resource
2023-05-09 22:49:44,695 [Worker-32: Building] INFO  o.a.m.s.f.DefaultMavenResourcesFiltering - Copying 42 resources
2023-05-09 22:49:44,752 [Worker-32: Building] INFO  o.a.m.s.f.DefaultMavenResourcesFiltering - skip non existing resourceDirectory C:\Users\carlo\Documents\GitHub\DI_DAM2\hbwebrepos\hbweb\src\test\resources
2023-05-09 22:49:54,066 [Worker-25: Launching Executing install in C__Users_carlo_Documents_GitHub_DI_DAM2_hbwebrepos_hbweb] INFO  o.e.m.i.launch.MavenLaunchDelegate - Run build in "C:\Users\carlo\Documents\GitHub\DI_DAM2\hbwebrepos\hbweb":
2023-05-09 22:49:54,066 [Worker-25: Launching Executing install in C__Users_carlo_Documents_GitHub_DI_DAM2_hbwebrepos_hbweb] INFO  o.e.m.i.launch.MavenLaunchDelegate -  mvn  -B -Dstyle.color=always install
2023-05-09 22:50:01,602 [Worker-25: Building] INFO  o.a.m.s.f.DefaultMavenResourcesFiltering - Copying 1 resource
2023-05-09 22:50:01,606 [Worker-25: Building] INFO  o.a.m.s.f.DefaultMavenResourcesFiltering - Copying 42 resources
2023-05-09 22:50:01,654 [Worker-25: Building] INFO  o.a.m.s.f.DefaultMavenResourcesFiltering - skip non existing resourceDirectory C:\Users\carlo\Documents\GitHub\DI_DAM2\hbwebrepos\hbweb\src\test\resources
2023-05-09 22:53:20,717 [Worker-32: Building] INFO  o.e.m.c.i.l.LifecycleMappingFactory - Using org.eclipse.m2e.jdt.JarLifecycleMapping lifecycle mapping for MavenProject: hubo.burger:hbweb:0.0.1-SNAPSHOT @ C:\Users\carlo\Documents\GitHub\DI_DAM2\hbwebrepos\hbweb\pom.xml.
2023-05-09 22:53:21,237 [Worker-32: Building] INFO  o.e.m.c.i.e.AbstractTransferListenerAdapter - Downloading https://repo.maven.apache.org/maven2/com/fasterxml/jackson/datatype/jackson-datatype-joda/2.14.1/jackson-datatype-joda-2.14.1.pom
2023-05-09 22:53:21,251 [Worker-32: Building] INFO  o.e.m.c.i.e.AbstractTransferListenerAdapter - Downloaded https://repo.maven.apache.org/maven2/com/fasterxml/jackson/datatype/jackson-datatype-joda/2.14.1/jackson-datatype-joda-2.14.1.pom
2023-05-09 22:53:22,153 [Worker-32: Building] WARN  o.e.m.c.i.embedder.EclipseLogger - The POM for com.microsoft.azure.applicationinsights.v2015_05_01:azure-mgmt-insights:jar:1.0.0-beta is invalid, transitive dependencies (if any) will not be available, enable debug logging for more details
2023-05-09 22:53:22,541 [Worker-32: Building] INFO  o.e.m.c.i.e.AbstractTransferListenerAdapter - Downloading https://repo.maven.apache.org/maven2/com/fasterxml/jackson/dataformat/jackson-dataformat-yaml/2.14.1/jackson-dataformat-yaml-2.14.1.pom
2023-05-09 22:53:22,564 [Worker-32: Building] INFO  o.e.m.c.i.e.AbstractTransferListenerAdapter - Downloaded https://repo.maven.apache.org/maven2/com/fasterxml/jackson/dataformat/jackson-dataformat-yaml/2.14.1/jackson-dataformat-yaml-2.14.1.pom
2023-05-09 22:53:22,590 [Worker-32: Building] INFO  o.e.m.c.i.e.AbstractTransferListenerAdapter - Downloading https://repo.maven.apache.org/maven2/com/fasterxml/jackson/dataformat/jackson-dataformats-text/2.14.1/jackson-dataformats-text-2.14.1.pom
2023-05-09 22:53:22,611 [Worker-32: Building] INFO  o.e.m.c.i.e.AbstractTransferListenerAdapter - Downloaded https://repo.maven.apache.org/maven2/com/fasterxml/jackson/dataformat/jackson-dataformats-text/2.14.1/jackson-dataformats-text-2.14.1.pom
2023-05-09 22:53:22,685 [Worker-32: Building] INFO  o.e.m.c.i.e.AbstractTransferListenerAdapter - Downloading https://repo.maven.apache.org/maven2/com/github/ben-manes/caffeine/caffeine/3.1.2/caffeine-3.1.2.pom
2023-05-09 22:53:22,713 [Worker-32: Building] INFO  o.e.m.c.i.e.AbstractTransferListenerAdapter - Downloaded https://repo.maven.apache.org/maven2/com/github/ben-manes/caffeine/caffeine/3.1.2/caffeine-3.1.2.pom
2023-05-09 22:53:22,737 [Worker-32: Building] INFO  o.e.m.c.i.e.AbstractTransferListenerAdapter - Downloading https://repo.maven.apache.org/maven2/org/ow2/asm/asm-bom/9.4/asm-bom-9.4.pom
2023-05-09 22:53:22,758 [Worker-32: Building] INFO  o.e.m.c.i.e.AbstractTransferListenerAdapter - Downloaded https://repo.maven.apache.org/maven2/org/ow2/asm/asm-bom/9.4/asm-bom-9.4.pom
2023-05-09 22:53:22,769 [Worker-32: Building] INFO  o.e.m.c.i.e.AbstractTransferListenerAdapter - Downloading https://repo.maven.apache.org/maven2/org/ow2/ow2/1.5.1/ow2-1.5.1.pom
2023-05-09 22:53:22,790 [Worker-32: Building] INFO  o.e.m.c.i.e.AbstractTransferListenerAdapter - Downloaded https://repo.maven.apache.org/maven2/org/ow2/ow2/1.5.1/ow2-1.5.1.pom
2023-05-09 22:53:22,805 [Worker-32: Building] INFO  o.e.m.c.i.e.AbstractTransferListenerAdapter - Downloading https://repo.maven.apache.org/maven2/org/checkerframework/checker-qual/3.27.0/checker-qual-3.27.0.pom
2023-05-09 22:53:22,834 [Worker-32: Building] INFO  o.e.m.c.i.e.AbstractTransferListenerAdapter - Downloaded https://repo.maven.apache.org/maven2/org/checkerframework/checker-qual/3.27.0/checker-qual-3.27.0.pom
2023-05-09 22:53:22,847 [Worker-32: Building] INFO  o.e.m.c.i.e.AbstractTransferListenerAdapter - Downloading https://repo.maven.apache.org/maven2/com/google/errorprone/error_prone_annotations/2.16/error_prone_annotations-2.16.pom
2023-05-09 22:53:22,862 [Worker-32: Building] INFO  o.e.m.c.i.e.AbstractTransferListenerAdapter - Downloaded https://repo.maven.apache.org/maven2/com/google/errorprone/error_prone_annotations/2.16/error_prone_annotations-2.16.pom
2023-05-09 22:53:22,884 [Worker-32: Building] INFO  o.e.m.c.i.e.AbstractTransferListenerAdapter - Downloading https://repo.maven.apache.org/maven2/com/google/errorprone/error_prone_parent/2.16/error_prone_parent-2.16.pom
2023-05-09 22:53:22,906 [Worker-32: Building] INFO  o.e.m.c.i.e.AbstractTransferListenerAdapter - Downloaded https://repo.maven.apache.org/maven2/com/google/errorprone/error_prone_parent/2.16/error_prone_parent-2.16.pom
2023-05-09 22:53:23,249 [AetherRepositoryConnector-repo.maven.apache.org-0-0] INFO  o.e.m.c.i.e.AbstractTransferListenerAdapter - Downloading https://repo.maven.apache.org/maven2/com/fasterxml/jackson/datatype/jackson-datatype-joda/2.14.1/jackson-datatype-joda-2.14.1.jar
2023-05-09 22:53:23,256 [AetherRepositoryConnector-repo.maven.apache.org-0-4] INFO  o.e.m.c.i.e.AbstractTransferListenerAdapter - Downloading https://repo.maven.apache.org/maven2/io/netty/netty-tcnative-boringssl-static/2.0.56.Final/netty-tcnative-boringssl-static-2.0.56.Final.jar
2023-05-09 22:53:23,257 [AetherRepositoryConnector-repo.maven.apache.org-0-1] INFO  o.e.m.c.i.e.AbstractTransferListenerAdapter - Downloading https://repo.maven.apache.org/maven2/com/fasterxml/jackson/dataformat/jackson-dataformat-xml/2.14.1/jackson-dataformat-xml-2.14.1.jar
2023-05-09 22:53:23,274 [AetherRepositoryConnector-repo.maven.apache.org-0-2] INFO  o.e.m.c.i.e.AbstractTransferListenerAdapter - Downloading https://repo.maven.apache.org/maven2/com/fasterxml/woodstox/woodstox-core/6.4.0/woodstox-core-6.4.0.jar
2023-05-09 22:53:23,300 [AetherRepositoryConnector-repo.maven.apache.org-0-0] INFO  o.e.m.c.i.e.AbstractTransferListenerAdapter - Downloaded https://repo.maven.apache.org/maven2/com/fasterxml/jackson/datatype/jackson-datatype-joda/2.14.1/jackson-datatype-joda-2.14.1.jar
2023-05-09 22:53:23,319 [AetherRepositoryConnector-repo.maven.apache.org-0-3] INFO  o.e.m.c.i.e.AbstractTransferListenerAdapter - Downloading https://repo.maven.apache.org/maven2/io/projectreactor/reactor-core/3.5.2/reactor-core-3.5.2.jar
2023-05-09 22:53:23,326 [AetherRepositoryConnector-repo.maven.apache.org-0-4] INFO  o.e.m.c.i.e.AbstractTransferListenerAdapter - Downloaded https://repo.maven.apache.org/maven2/io/netty/netty-tcnative-boringssl-static/2.0.56.Final/netty-tcnative-boringssl-static-2.0.56.Final.jar
2023-05-09 22:53:23,332 [AetherRepositoryConnector-repo.maven.apache.org-0-1] INFO  o.e.m.c.i.e.AbstractTransferListenerAdapter - Downloaded https://repo.maven.apache.org/maven2/com/fasterxml/jackson/dataformat/jackson-dataformat-xml/2.14.1/jackson-dataformat-xml-2.14.1.jar
2023-05-09 22:53:23,358 [AetherRepositoryConnector-repo.maven.apache.org-0-0] INFO  o.e.m.c.i.e.AbstractTransferListenerAdapter - Downloading https://repo.maven.apache.org/maven2/io/netty/netty-tcnative-classes/2.0.56.Final/netty-tcnative-classes-2.0.56.Final.jar
2023-05-09 22:53:23,358 [AetherRepositoryConnector-repo.maven.apache.org-0-4] INFO  o.e.m.c.i.e.AbstractTransferListenerAdapter - Downloading https://repo.maven.apache.org/maven2/io/netty/netty-tcnative-boringssl-static/2.0.56.Final/netty-tcnative-boringssl-static-2.0.56.Final-linux-x86_64.jar
2023-05-09 22:53:23,365 [AetherRepositoryConnector-repo.maven.apache.org-0-1] INFO  o.e.m.c.i.e.AbstractTransferListenerAdapter - Downloading https://repo.maven.apache.org/maven2/io/netty/netty-tcnative-boringssl-static/2.0.56.Final/netty-tcnative-boringssl-static-2.0.56.Final-linux-aarch_64.jar
2023-05-09 22:53:23,604 [AetherRepositoryConnector-repo.maven.apache.org-0-0] INFO  o.e.m.c.i.e.AbstractTransferListenerAdapter - Downloaded https://repo.maven.apache.org/maven2/io/netty/netty-tcnative-classes/2.0.56.Final/netty-tcnative-classes-2.0.56.Final.jar
2023-05-09 22:53:23,680 [AetherRepositoryConnector-repo.maven.apache.org-0-0] INFO  o.e.m.c.i.e.AbstractTransferListenerAdapter - Downloading https://repo.maven.apache.org/maven2/io/netty/netty-tcnative-boringssl-static/2.0.56.Final/netty-tcnative-boringssl-static-2.0.56.Final-osx-x86_64.jar
2023-05-09 22:53:24,275 [AetherRepositoryConnector-repo.maven.apache.org-0-1] INFO  o.e.m.c.i.e.AbstractTransferListenerAdapter - Downloaded https://repo.maven.apache.org/maven2/io/netty/netty-tcnative-boringssl-static/2.0.56.Final/netty-tcnative-boringssl-static-2.0.56.Final-linux-aarch_64.jar
2023-05-09 22:53:24,299 [AetherRepositoryConnector-repo.maven.apache.org-0-2] INFO  o.e.m.c.i.e.AbstractTransferListenerAdapter - Downloaded https://repo.maven.apache.org/maven2/com/fasterxml/woodstox/woodstox-core/6.4.0/woodstox-core-6.4.0.jar
2023-05-09 22:53:24,356 [AetherRepositoryConnector-repo.maven.apache.org-0-1] INFO  o.e.m.c.i.e.AbstractTransferListenerAdapter - Downloading https://repo.maven.apache.org/maven2/io/netty/netty-tcnative-boringssl-static/2.0.56.Final/netty-tcnative-boringssl-static-2.0.56.Final-osx-aarch_64.jar
2023-05-09 22:53:24,361 [AetherRepositoryConnector-repo.maven.apache.org-0-4] INFO  o.e.m.c.i.e.AbstractTransferListenerAdapter - Downloaded https://repo.maven.apache.org/maven2/io/netty/netty-tcnative-boringssl-static/2.0.56.Final/netty-tcnative-boringssl-static-2.0.56.Final-linux-x86_64.jar
2023-05-09 22:53:24,443 [AetherRepositoryConnector-repo.maven.apache.org-0-2] INFO  o.e.m.c.i.e.AbstractTransferListenerAdapter - Downloading https://repo.maven.apache.org/maven2/io/netty/netty-tcnative-boringssl-static/2.0.56.Final/netty-tcnative-boringssl-static-2.0.56.Final-windows-x86_64.jar
2023-05-09 22:53:24,501 [AetherRepositoryConnector-repo.maven.apache.org-0-4] INFO  o.e.m.c.i.e.AbstractTransferListenerAdapter - Downloading https://repo.maven.apache.org/maven2/com/fasterxml/jackson/dataformat/jackson-dataformat-yaml/2.14.1/jackson-dataformat-yaml-2.14.1.jar
2023-05-09 22:53:24,507 [AetherRepositoryConnector-repo.maven.apache.org-0-3] INFO  o.e.m.c.i.e.AbstractTransferListenerAdapter - Downloaded https://repo.maven.apache.org/maven2/io/projectreactor/reactor-core/3.5.2/reactor-core-3.5.2.jar
2023-05-09 22:53:24,558 [AetherRepositoryConnector-repo.maven.apache.org-0-0] INFO  o.e.m.c.i.e.AbstractTransferListenerAdapter - Downloaded https://repo.maven.apache.org/maven2/io/netty/netty-tcnative-boringssl-static/2.0.56.Final/netty-tcnative-boringssl-static-2.0.56.Final-osx-x86_64.jar
2023-05-09 22:53:24,653 [AetherRepositoryConnector-repo.maven.apache.org-0-3] INFO  o.e.m.c.i.e.AbstractTransferListenerAdapter - Downloading https://repo.maven.apache.org/maven2/com/github/ben-manes/caffeine/caffeine/3.1.2/caffeine-3.1.2.jar
2023-05-09 22:53:24,723 [AetherRepositoryConnector-repo.maven.apache.org-0-1] INFO  o.e.m.c.i.e.AbstractTransferListenerAdapter - Downloaded https://repo.maven.apache.org/maven2/io/netty/netty-tcnative-boringssl-static/2.0.56.Final/netty-tcnative-boringssl-static-2.0.56.Final-osx-aarch_64.jar
2023-05-09 22:53:24,723 [AetherRepositoryConnector-repo.maven.apache.org-0-4] INFO  o.e.m.c.i.e.AbstractTransferListenerAdapter - Downloaded https://repo.maven.apache.org/maven2/com/fasterxml/jackson/dataformat/jackson-dataformat-yaml/2.14.1/jackson-dataformat-yaml-2.14.1.jar
2023-05-09 22:53:24,775 [AetherRepositoryConnector-repo.maven.apache.org-0-2] INFO  o.e.m.c.i.e.AbstractTransferListenerAdapter - Downloaded https://repo.maven.apache.org/maven2/io/netty/netty-tcnative-boringssl-static/2.0.56.Final/netty-tcnative-boringssl-static-2.0.56.Final-windows-x86_64.jar
2023-05-09 22:53:24,825 [AetherRepositoryConnector-repo.maven.apache.org-0-3] INFO  o.e.m.c.i.e.AbstractTransferListenerAdapter - Downloaded https://repo.maven.apache.org/maven2/com/github/ben-manes/caffeine/caffeine/3.1.2/caffeine-3.1.2.jar
2023-05-09 22:53:25,023 [Worker-32: Building] INFO  o.a.m.s.f.DefaultMavenResourcesFiltering - Copying 0 resource
2023-05-09 22:53:25,023 [Worker-32: Building] INFO  o.a.m.s.f.DefaultMavenResourcesFiltering - Copying 0 resource
2023-05-09 22:53:25,026 [Worker-32: Building] INFO  o.a.m.s.f.DefaultMavenResourcesFiltering - skip non existing resourceDirectory C:\Users\carlo\Documents\GitHub\DI_DAM2\hbwebrepos\hbweb\src\test\resources
2023-05-09 22:53:30,372 [Worker-37: Download sources and javadoc] INFO  o.e.m.c.i.e.AbstractTransferListenerAdapter - Downloading https://repo.maven.apache.org/maven2/com/fasterxml/jackson/datatype/jackson-datatype-joda/2.14.1/jackson-datatype-joda-2.14.1-sources.jar
2023-05-09 22:53:30,813 [Worker-37: Download sources and javadoc] INFO  o.e.m.c.i.e.AbstractTransferListenerAdapter - Downloaded https://repo.maven.apache.org/maven2/com/fasterxml/jackson/datatype/jackson-datatype-joda/2.14.1/jackson-datatype-joda-2.14.1-sources.jar
2023-05-09 22:53:30,825 [Worker-37: Download sources and javadoc] INFO  o.e.m.j.internal.DownloadSourcesJob - Downloaded sources for com.fasterxml.jackson.datatype:jackson-datatype-joda:2.14.1
2023-05-09 22:53:30,861 [Worker-37: Download sources and javadoc] INFO  o.e.m.c.i.e.AbstractTransferListenerAdapter - Downloading https://repo.maven.apache.org/maven2/com/fasterxml/jackson/dataformat/jackson-dataformat-xml/2.14.1/jackson-dataformat-xml-2.14.1-sources.jar
2023-05-09 22:53:30,967 [Worker-37: Download sources and javadoc] INFO  o.e.m.c.i.e.AbstractTransferListenerAdapter - Downloaded https://repo.maven.apache.org/maven2/com/fasterxml/jackson/dataformat/jackson-dataformat-xml/2.14.1/jackson-dataformat-xml-2.14.1-sources.jar
2023-05-09 22:53:30,976 [Worker-37: Download sources and javadoc] INFO  o.e.m.j.internal.DownloadSourcesJob - Downloaded sources for com.fasterxml.jackson.dataformat:jackson-dataformat-xml:2.14.1
2023-05-09 22:53:31,010 [Worker-37: Download sources and javadoc] INFO  o.e.m.c.i.e.AbstractTransferListenerAdapter - Downloading https://repo.maven.apache.org/maven2/com/fasterxml/woodstox/woodstox-core/6.4.0/woodstox-core-6.4.0-sources.jar
2023-05-09 22:53:31,082 [Worker-37: Download sources and javadoc] INFO  o.e.m.c.i.e.AbstractTransferListenerAdapter - Downloaded https://repo.maven.apache.org/maven2/com/fasterxml/woodstox/woodstox-core/6.4.0/woodstox-core-6.4.0-sources.jar
2023-05-09 22:53:31,092 [Worker-37: Download sources and javadoc] INFO  o.e.m.j.internal.DownloadSourcesJob - Downloaded sources for com.fasterxml.woodstox:woodstox-core:6.4.0
2023-05-09 22:53:31,194 [Worker-37: Download sources and javadoc] INFO  o.e.m.c.i.e.AbstractTransferListenerAdapter - Downloading https://repo.maven.apache.org/maven2/io/projectreactor/reactor-core/3.5.2/reactor-core-3.5.2-sources.jar
2023-05-09 22:53:31,440 [Worker-37: Download sources and javadoc] INFO  o.e.m.c.i.e.AbstractTransferListenerAdapter - Downloaded https://repo.maven.apache.org/maven2/io/projectreactor/reactor-core/3.5.2/reactor-core-3.5.2-sources.jar
2023-05-09 22:53:31,448 [Worker-37: Download sources and javadoc] INFO  o.e.m.j.internal.DownloadSourcesJob - Downloaded sources for io.projectreactor:reactor-core:3.5.2
2023-05-09 22:53:31,484 [Worker-37: Download sources and javadoc] INFO  o.e.m.c.i.e.AbstractTransferListenerAdapter - Downloaded https://repo.maven.apache.org/maven2/io/netty/netty-tcnative-boringssl-static/2.0.56.Final/netty-tcnative-boringssl-static-2.0.56.Final-sources.jar
2023-05-09 22:53:31,490 [Worker-37: Download sources and javadoc] ERROR o.e.m.j.internal.DownloadSourcesJob - Could not download sources for io.netty:netty-tcnative-boringssl-static:2.0.56.Final
org.eclipse.core.runtime.CoreException: Could not resolve artifact io.netty:netty-tcnative-boringssl-static:jar:sources:2.0.56.Final
	at org.eclipse.m2e.core.internal.embedder.MavenImpl.lambda$6(MavenImpl.java:587)
	at org.eclipse.m2e.core.internal.embedder.MavenExecutionContext.executeBare(MavenExecutionContext.java:364)
	at org.eclipse.m2e.core.internal.embedder.MavenExecutionContext.execute(MavenExecutionContext.java:227)
	at org.eclipse.m2e.core.internal.embedder.MavenExecutionContext.execute(MavenExecutionContext.java:213)
	at org.eclipse.m2e.core.internal.embedder.MavenImpl.resolve(MavenImpl.java:556)
	at org.eclipse.m2e.core.internal.embedder.MavenImpl.resolve(MavenImpl.java:541)
	at org.eclipse.m2e.jdt.internal.DownloadSourcesJob.download(DownloadSourcesJob.java:308)
	at org.eclipse.m2e.jdt.internal.DownloadSourcesJob.downloadAttachments(DownloadSourcesJob.java:282)
	at org.eclipse.m2e.jdt.internal.DownloadSourcesJob.downloadMaven(DownloadSourcesJob.java:252)
	at org.eclipse.m2e.jdt.internal.DownloadSourcesJob.downloadFilesAndPopulateToUpdate(DownloadSourcesJob.java:220)
	at org.eclipse.m2e.jdt.internal.DownloadSourcesJob.lambda$0(DownloadSourcesJob.java:149)
	at org.eclipse.m2e.core.internal.embedder.MavenExecutionContext.executeBare(MavenExecutionContext.java:364)
	at org.eclipse.m2e.core.internal.embedder.MavenExecutionContext.execute(MavenExecutionContext.java:274)
	at org.eclipse.m2e.core.internal.embedder.MavenExecutionContext.execute(MavenExecutionContext.java:213)
	at org.eclipse.m2e.core.embedder.IMaven.execute(IMaven.java:294)
	at org.eclipse.m2e.jdt.internal.DownloadSourcesJob.run(DownloadSourcesJob.java:149)
	at org.eclipse.core.internal.jobs.Worker.run(Worker.java:63)
2023-05-09 22:53:31,522 [Worker-37: Download sources and javadoc] INFO  o.e.m.c.i.e.AbstractTransferListenerAdapter - Downloading https://repo.maven.apache.org/maven2/io/netty/netty-tcnative-classes/2.0.56.Final/netty-tcnative-classes-2.0.56.Final-sources.jar
2023-05-09 22:53:31,734 [Worker-37: Download sources and javadoc] INFO  o.e.m.c.i.e.AbstractTransferListenerAdapter - Downloaded https://repo.maven.apache.org/maven2/io/netty/netty-tcnative-classes/2.0.56.Final/netty-tcnative-classes-2.0.56.Final-sources.jar
2023-05-09 22:53:31,745 [Worker-37: Download sources and javadoc] INFO  o.e.m.j.internal.DownloadSourcesJob - Downloaded sources for io.netty:netty-tcnative-classes:2.0.56.Final
2023-05-09 22:53:31,771 [Worker-37: Download sources and javadoc] INFO  o.e.m.c.i.e.AbstractTransferListenerAdapter - Downloaded https://repo.maven.apache.org/maven2/io/netty/netty-tcnative-boringssl-static/2.0.56.Final/netty-tcnative-boringssl-static-2.0.56.Final-javadoc.jar
2023-05-09 22:53:31,773 [Worker-37: Download sources and javadoc] ERROR o.e.m.j.internal.DownloadSourcesJob - Could not download javadoc for io.netty:netty-tcnative-boringssl-static:2.0.56.Finallinux-x86_64
org.eclipse.core.runtime.CoreException: Could not resolve artifact io.netty:netty-tcnative-boringssl-static:jar:javadoc:2.0.56.Final
	at org.eclipse.m2e.core.internal.embedder.MavenImpl.lambda$6(MavenImpl.java:587)
	at org.eclipse.m2e.core.internal.embedder.MavenExecutionContext.executeBare(MavenExecutionContext.java:364)
	at org.eclipse.m2e.core.internal.embedder.MavenExecutionContext.execute(MavenExecutionContext.java:227)
	at org.eclipse.m2e.core.internal.embedder.MavenExecutionContext.execute(MavenExecutionContext.java:213)
	at org.eclipse.m2e.core.internal.embedder.MavenImpl.resolve(MavenImpl.java:556)
	at org.eclipse.m2e.core.internal.embedder.MavenImpl.resolve(MavenImpl.java:541)
	at org.eclipse.m2e.jdt.internal.DownloadSourcesJob.download(DownloadSourcesJob.java:308)
	at org.eclipse.m2e.jdt.internal.DownloadSourcesJob.downloadAttachments(DownloadSourcesJob.java:294)
	at org.eclipse.m2e.jdt.internal.DownloadSourcesJob.downloadMaven(DownloadSourcesJob.java:252)
	at org.eclipse.m2e.jdt.internal.DownloadSourcesJob.downloadFilesAndPopulateToUpdate(DownloadSourcesJob.java:220)
	at org.eclipse.m2e.jdt.internal.DownloadSourcesJob.lambda$0(DownloadSourcesJob.java:149)
	at org.eclipse.m2e.core.internal.embedder.MavenExecutionContext.executeBare(MavenExecutionContext.java:364)
	at org.eclipse.m2e.core.internal.embedder.MavenExecutionContext.execute(MavenExecutionContext.java:274)
	at org.eclipse.m2e.core.internal.embedder.MavenExecutionContext.execute(MavenExecutionContext.java:213)
	at org.eclipse.m2e.core.embedder.IMaven.execute(IMaven.java:294)
	at org.eclipse.m2e.jdt.internal.DownloadSourcesJob.run(DownloadSourcesJob.java:149)
	at org.eclipse.core.internal.jobs.Worker.run(Worker.java:63)
2023-05-09 22:53:31,820 [Worker-37: Download sources and javadoc] INFO  o.e.m.c.i.e.AbstractTransferListenerAdapter - Downloading https://repo.maven.apache.org/maven2/com/fasterxml/jackson/dataformat/jackson-dataformat-yaml/2.14.1/jackson-dataformat-yaml-2.14.1-sources.jar
2023-05-09 22:53:32,010 [Worker-32: Building] INFO  o.a.m.s.f.DefaultMavenResourcesFiltering - Copying 1 resource
2023-05-09 22:53:32,049 [Worker-37: Download sources and javadoc] INFO  o.e.m.c.i.e.AbstractTransferListenerAdapter - Downloaded https://repo.maven.apache.org/maven2/com/fasterxml/jackson/dataformat/jackson-dataformat-yaml/2.14.1/jackson-dataformat-yaml-2.14.1-sources.jar
2023-05-09 22:53:32,056 [Worker-32: Building] INFO  o.a.m.s.f.DefaultMavenResourcesFiltering - Copying 42 resources
2023-05-09 22:53:32,066 [Worker-37: Download sources and javadoc] INFO  o.e.m.j.internal.DownloadSourcesJob - Downloaded sources for com.fasterxml.jackson.dataformat:jackson-dataformat-yaml:2.14.1
2023-05-09 22:53:32,109 [Worker-37: Download sources and javadoc] INFO  o.e.m.c.i.e.AbstractTransferListenerAdapter - Downloading https://repo.maven.apache.org/maven2/com/github/ben-manes/caffeine/caffeine/3.1.2/caffeine-3.1.2-sources.jar
2023-05-09 22:53:32,138 [Worker-32: Building] INFO  o.a.m.s.f.DefaultMavenResourcesFiltering - skip non existing resourceDirectory C:\Users\carlo\Documents\GitHub\DI_DAM2\hbwebrepos\hbweb\src\test\resources
2023-05-09 22:53:32,170 [Worker-37: Download sources and javadoc] INFO  o.e.m.c.i.e.AbstractTransferListenerAdapter - Downloaded https://repo.maven.apache.org/maven2/com/github/ben-manes/caffeine/caffeine/3.1.2/caffeine-3.1.2-sources.jar
2023-05-09 22:53:32,181 [Worker-37: Download sources and javadoc] INFO  o.e.m.j.internal.DownloadSourcesJob - Downloaded sources for com.github.ben-manes.caffeine:caffeine:3.1.2
2023-05-09 22:53:32,226 [Worker-37: Download sources and javadoc] INFO  o.e.m.c.i.e.AbstractTransferListenerAdapter - Downloading https://repo.maven.apache.org/maven2/com/google/protobuf/protobuf-java/3.4.0/protobuf-java-3.4.0-sources.jar
2023-05-09 22:53:32,321 [Worker-37: Download sources and javadoc] INFO  o.e.m.c.i.e.AbstractTransferListenerAdapter - Downloaded https://repo.maven.apache.org/maven2/com/google/protobuf/protobuf-java/3.4.0/protobuf-java-3.4.0-sources.jar
2023-05-09 22:53:32,325 [Worker-37: Download sources and javadoc] INFO  o.e.m.j.internal.DownloadSourcesJob - Downloaded sources for com.google.protobuf:protobuf-java:3.4.0
2023-05-09 22:53:33,875 [Worker-38: Building] INFO  o.a.m.s.f.DefaultMavenResourcesFiltering - Copying 0 resource
2023-05-09 22:53:33,875 [Worker-38: Building] INFO  o.a.m.s.f.DefaultMavenResourcesFiltering - Copying 0 resource
2023-05-09 22:53:33,878 [Worker-38: Building] INFO  o.a.m.s.f.DefaultMavenResourcesFiltering - skip non existing resourceDirectory C:\Users\carlo\Documents\GitHub\DI_DAM2\hbwebrepos\hbweb\src\test\resources
2023-05-09 22:53:41,316 [Worker-39: Building] INFO  o.e.m.c.i.l.LifecycleMappingFactory - Using org.eclipse.m2e.jdt.JarLifecycleMapping lifecycle mapping for MavenProject: hubo.burger:hbweb:0.0.1-SNAPSHOT @ C:\Users\carlo\Documents\GitHub\DI_DAM2\hbwebrepos\hbweb\pom.xml.
2023-05-09 22:53:41,877 [Worker-39: Building] WARN  o.e.m.c.i.embedder.EclipseLogger - The POM for com.microsoft.azure.applicationinsights.v2015_05_01:azure-mgmt-insights:jar:1.0.0-beta is invalid, transitive dependencies (if any) will not be available, enable debug logging for more details
2023-05-09 22:53:42,640 [Worker-39: Building] INFO  o.a.m.s.f.DefaultMavenResourcesFiltering - Copying 0 resource
2023-05-09 22:53:42,640 [Worker-39: Building] INFO  o.a.m.s.f.DefaultMavenResourcesFiltering - Copying 0 resource
2023-05-09 22:53:42,642 [Worker-39: Building] INFO  o.a.m.s.f.DefaultMavenResourcesFiltering - skip non existing resourceDirectory C:\Users\carlo\Documents\GitHub\DI_DAM2\hbwebrepos\hbweb\src\test\resources
2023-05-09 22:55:34,211 [Worker-39: Building] ERROR o.e.m.c.i.p.r.ProjectRegistryManager - Could not read pom.xml
org.eclipse.core.runtime.CoreException: Could not read pom.xml
	at org.eclipse.m2e.core.internal.IMavenToolbox.readModel(IMavenToolbox.java:230)
	at org.eclipse.m2e.core.internal.project.registry.ProjectRegistryManager.refreshPhase2(ProjectRegistryManager.java:574)
	at org.eclipse.m2e.core.internal.project.registry.ProjectRegistryManager.refresh(ProjectRegistryManager.java:474)
	at org.eclipse.m2e.core.internal.project.registry.ProjectRegistryManager.refresh(ProjectRegistryManager.java:360)
	at org.eclipse.m2e.core.internal.project.registry.ProjectRegistryManager.refresh(ProjectRegistryManager.java:313)
	at org.eclipse.m2e.core.internal.builder.MavenBuilder$BuildMethod.getProjectFacade(MavenBuilder.java:149)
	at org.eclipse.m2e.core.internal.builder.MavenBuilder$BuildMethod.lambda$0(MavenBuilder.java:87)
	at org.eclipse.m2e.core.internal.embedder.MavenExecutionContext.executeBare(MavenExecutionContext.java:364)
	at org.eclipse.m2e.core.internal.embedder.MavenExecutionContext.execute(MavenExecutionContext.java:274)
	at org.eclipse.m2e.core.internal.embedder.MavenExecutionContext.execute(MavenExecutionContext.java:213)
	at org.eclipse.m2e.core.internal.builder.MavenBuilder$BuildMethod.execute(MavenBuilder.java:86)
	at org.eclipse.m2e.core.internal.builder.MavenBuilder.build(MavenBuilder.java:196)
	at org.eclipse.core.internal.events.BuildManager$2.run(BuildManager.java:1020)
	at org.eclipse.core.runtime.SafeRunner.run(SafeRunner.java:45)
	at org.eclipse.core.internal.events.BuildManager.basicBuild(BuildManager.java:247)
	at org.eclipse.core.internal.events.BuildManager.basicBuild(BuildManager.java:303)
	at org.eclipse.core.internal.events.BuildManager$1.run(BuildManager.java:392)
	at org.eclipse.core.runtime.SafeRunner.run(SafeRunner.java:45)
	at org.eclipse.core.internal.events.BuildManager.basicBuild(BuildManager.java:395)
	at org.eclipse.core.internal.events.BuildManager.basicBuildLoop(BuildManager.java:506)
	at org.eclipse.core.internal.events.BuildManager.basicBuildLoop(BuildManager.java:454)
	at org.eclipse.core.internal.events.BuildManager.build(BuildManager.java:536)
	at org.eclipse.core.internal.events.AutoBuildJob.doBuild(AutoBuildJob.java:161)
	at org.eclipse.core.internal.events.AutoBuildJob.run(AutoBuildJob.java:255)
	at org.eclipse.core.internal.jobs.Worker.run(Worker.java:63)
Caused by: org.apache.maven.model.io.ModelParseException: expected > to finsh end tag not < from line 62 (position: TEXT seen ...</artifactId>\r\n\t\t</dependency\r\n\t<... @66:3) 
	at org.apache.maven.model.io.DefaultModelReader.read(DefaultModelReader.java:117)
	at org.apache.maven.model.io.DefaultModelReader.read(DefaultModelReader.java:85)
	at org.eclipse.m2e.core.internal.IMavenToolbox.readModel(IMavenToolbox.java:228)
	... 24 common frames omitted
Caused by: org.codehaus.plexus.util.xml.pull.XmlPullParserException: expected > to finsh end tag not < from line 62 (position: TEXT seen ...</artifactId>\r\n\t\t</dependency\r\n\t<... @66:3) 
	at org.codehaus.plexus.util.xml.pull.MXParser.parseEndTag(MXParser.java:2111)
	at org.codehaus.plexus.util.xml.pull.MXParser.nextImpl(MXParser.java:1361)
	at org.codehaus.plexus.util.xml.pull.MXParser.next(MXParser.java:1319)
	at org.codehaus.plexus.util.xml.pull.MXParser.nextTag(MXParser.java:1305)
	at org.apache.maven.model.io.xpp3.MavenXpp3Reader.parseDependency(MavenXpp3Reader.java:1350)
	at org.apache.maven.model.io.xpp3.MavenXpp3Reader.parseModel(MavenXpp3Reader.java:2239)
	at org.apache.maven.model.io.xpp3.MavenXpp3Reader.read(MavenXpp3Reader.java:3872)
	at org.apache.maven.model.io.xpp3.MavenXpp3Reader.read(MavenXpp3Reader.java:595)
	at org.apache.maven.model.io.DefaultModelReader.read(DefaultModelReader.java:112)
	... 26 common frames omitted
2023-05-09 22:55:37,486 [Worker-40: Updating workspace] ERROR o.e.m.c.i.p.r.ProjectRegistryManager - Failed to read Maven project: Some problems were encountered while processing the POMs:
[FATAL] Non-parseable POM C:\Users\carlo\Documents\GitHub\DI_DAM2\hbwebrepos\hbweb\pom.xml: expected > to finsh end tag not < from line 62 (position: TEXT seen ...</artifactId>\r\n\t\t</dependency\r\n\t<... @66:3)  @ line 66, column 3

org.apache.maven.project.ProjectBuildingException: Some problems were encountered while processing the POMs:
[FATAL] Non-parseable POM C:\Users\carlo\Documents\GitHub\DI_DAM2\hbwebrepos\hbweb\pom.xml: expected > to finsh end tag not < from line 62 (position: TEXT seen ...</artifactId>\r\n\t\t</dependency\r\n\t<... @66:3)  @ line 66, column 3

	at org.eclipse.m2e.core.internal.IMavenToolbox.readMavenProjects(IMavenToolbox.java:129)
	at org.eclipse.m2e.core.internal.project.registry.ProjectRegistryManager.lambda$20(ProjectRegistryManager.java:883)
	at org.eclipse.m2e.core.internal.embedder.MavenExecutionContext.executeBare(MavenExecutionContext.java:364)
	at org.eclipse.m2e.core.internal.embedder.MavenExecutionContext.execute(MavenExecutionContext.java:274)
	at org.eclipse.m2e.core.internal.embedder.MavenExecutionContext.execute(MavenExecutionContext.java:213)
	at org.eclipse.m2e.core.internal.project.registry.ProjectRegistryManager.readProjectsWithDependencies(ProjectRegistryManager.java:879)
	at org.eclipse.m2e.core.internal.project.registry.ProjectRegistryManager.create(ProjectRegistryManager.java:213)
	at org.eclipse.m2e.core.internal.project.registry.MavenProjectManager.create(MavenProjectManager.java:105)
	at org.fusesource.ide.camel.model.service.core.util.CamelMavenUtils.getMavenProjectFacade(CamelMavenUtils.java:109)
	at org.fusesource.ide.camel.model.service.core.util.CamelMavenUtils.getDependencyList(CamelMavenUtils.java:198)
	at org.fusesource.ide.camel.model.service.core.util.CamelMavenUtils.getDependencyList(CamelMavenUtils.java:194)
	at org.fusesource.ide.camel.model.service.core.util.CamelMavenUtils.getCamelVersionFromMaven(CamelMavenUtils.java:137)
	at org.fusesource.ide.camel.model.service.core.util.ProjectClasspathChangedListener.notifyClasspathChanged(ProjectClasspathChangedListener.java:145)
	at org.fusesource.ide.camel.model.service.core.util.ProjectClasspathChangedListener.visit(ProjectClasspathChangedListener.java:134)
	at org.fusesource.ide.camel.model.service.core.util.ProjectClasspathChangedListener.visitChildren(ProjectClasspathChangedListener.java:89)
	at org.fusesource.ide.camel.model.service.core.util.ProjectClasspathChangedListener.visit(ProjectClasspathChangedListener.java:130)
	at org.fusesource.ide.camel.model.service.core.util.ProjectClasspathChangedListener.elementChanged(ProjectClasspathChangedListener.java:62)
	at org.eclipse.jdt.internal.core.DeltaProcessor$3.run(DeltaProcessor.java:1755)
	at org.eclipse.core.runtime.SafeRunner.run(SafeRunner.java:45)
	at org.eclipse.jdt.internal.core.DeltaProcessor.notifyListeners(DeltaProcessor.java:1743)
	at org.eclipse.jdt.internal.core.DeltaProcessor.firePostChangeDelta(DeltaProcessor.java:1576)
	at org.eclipse.jdt.internal.core.DeltaProcessor.fire(DeltaProcessor.java:1552)
	at org.eclipse.jdt.internal.core.DeltaProcessor.notifyAndFire(DeltaProcessor.java:2273)
	at org.eclipse.jdt.internal.core.DeltaProcessor.resourceChanged(DeltaProcessor.java:2163)
	at org.eclipse.jdt.internal.core.DeltaProcessingState.resourceChanged(DeltaProcessingState.java:501)
	at org.eclipse.core.internal.events.NotificationManager$1.run(NotificationManager.java:307)
	at org.eclipse.core.runtime.SafeRunner.run(SafeRunner.java:45)
	at org.eclipse.core.internal.events.NotificationManager.notify(NotificationManager.java:297)
	at org.eclipse.core.internal.events.NotificationManager.broadcastChanges(NotificationManager.java:160)
	at org.eclipse.core.internal.resources.Workspace.broadcastPostChange(Workspace.java:388)
	at org.eclipse.core.internal.resources.Workspace.endOperation(Workspace.java:1514)
	at org.eclipse.core.internal.resources.Workspace.run(Workspace.java:2394)
	at org.eclipse.core.internal.events.NotificationManager$NotifyJob.run(NotificationManager.java:46)
	at org.eclipse.core.internal.jobs.Worker.run(Worker.java:63)
2023-05-09 22:55:39,325 [Worker-40: Updating workspace] ERROR o.e.m.c.i.p.r.ProjectRegistryManager - Failed to read Maven project: Some problems were encountered while processing the POMs:
[FATAL] Non-parseable POM C:\Users\carlo\Documents\GitHub\DI_DAM2\hbwebrepos\hbweb\pom.xml: expected > to finsh end tag not < from line 62 (position: TEXT seen ...</artifactId>\r\n\t\t</dependency\r\n\t<... @66:3)  @ line 66, column 3

org.apache.maven.project.ProjectBuildingException: Some problems were encountered while processing the POMs:
[FATAL] Non-parseable POM C:\Users\carlo\Documents\GitHub\DI_DAM2\hbwebrepos\hbweb\pom.xml: expected > to finsh end tag not < from line 62 (position: TEXT seen ...</artifactId>\r\n\t\t</dependency\r\n\t<... @66:3)  @ line 66, column 3

	at org.eclipse.m2e.core.internal.IMavenToolbox.readMavenProjects(IMavenToolbox.java:129)
	at org.eclipse.m2e.core.internal.project.registry.ProjectRegistryManager.lambda$20(ProjectRegistryManager.java:883)
	at org.eclipse.m2e.core.internal.embedder.MavenExecutionContext.executeBare(MavenExecutionContext.java:364)
	at org.eclipse.m2e.core.internal.embedder.MavenExecutionContext.execute(MavenExecutionContext.java:274)
	at org.eclipse.m2e.core.internal.embedder.MavenExecutionContext.execute(MavenExecutionContext.java:213)
	at org.eclipse.m2e.core.internal.project.registry.ProjectRegistryManager.readProjectsWithDependencies(ProjectRegistryManager.java:879)
	at org.eclipse.m2e.core.internal.project.registry.ProjectRegistryManager.create(ProjectRegistryManager.java:213)
	at org.eclipse.m2e.core.internal.project.registry.MavenProjectManager.create(MavenProjectManager.java:105)
	at org.fusesource.ide.camel.model.service.core.util.CamelMavenUtils.getMavenProjectFacade(CamelMavenUtils.java:109)
	at org.fusesource.ide.camel.model.service.core.util.CamelMavenUtils.getRepositories(CamelMavenUtils.java:46)
	at org.fusesource.ide.camel.model.service.core.catalog.cache.CamelCatalogCacheManager.getCamelModelForProject(CamelCatalogCacheManager.java:130)
	at org.fusesource.ide.camel.model.service.core.util.ProjectClasspathChangedListener.notifyClasspathChanged(ProjectClasspathChangedListener.java:156)
	at org.fusesource.ide.camel.model.service.core.util.ProjectClasspathChangedListener.visit(ProjectClasspathChangedListener.java:134)
	at org.fusesource.ide.camel.model.service.core.util.ProjectClasspathChangedListener.visitChildren(ProjectClasspathChangedListener.java:89)
	at org.fusesource.ide.camel.model.service.core.util.ProjectClasspathChangedListener.visit(ProjectClasspathChangedListener.java:130)
	at org.fusesource.ide.camel.model.service.core.util.ProjectClasspathChangedListener.elementChanged(ProjectClasspathChangedListener.java:62)
	at org.eclipse.jdt.internal.core.DeltaProcessor$3.run(DeltaProcessor.java:1755)
	at org.eclipse.core.runtime.SafeRunner.run(SafeRunner.java:45)
	at org.eclipse.jdt.internal.core.DeltaProcessor.notifyListeners(DeltaProcessor.java:1743)
	at org.eclipse.jdt.internal.core.DeltaProcessor.firePostChangeDelta(DeltaProcessor.java:1576)
	at org.eclipse.jdt.internal.core.DeltaProcessor.fire(DeltaProcessor.java:1552)
	at org.eclipse.jdt.internal.core.DeltaProcessor.notifyAndFire(DeltaProcessor.java:2273)
	at org.eclipse.jdt.internal.core.DeltaProcessor.resourceChanged(DeltaProcessor.java:2163)
	at org.eclipse.jdt.internal.core.DeltaProcessingState.resourceChanged(DeltaProcessingState.java:501)
	at org.eclipse.core.internal.events.NotificationManager$1.run(NotificationManager.java:307)
	at org.eclipse.core.runtime.SafeRunner.run(SafeRunner.java:45)
	at org.eclipse.core.internal.events.NotificationManager.notify(NotificationManager.java:297)
	at org.eclipse.core.internal.events.NotificationManager.broadcastChanges(NotificationManager.java:160)
	at org.eclipse.core.internal.resources.Workspace.broadcastPostChange(Workspace.java:388)
	at org.eclipse.core.internal.resources.Workspace.endOperation(Workspace.java:1514)
	at org.eclipse.core.internal.resources.Workspace.run(Workspace.java:2394)
	at org.eclipse.core.internal.events.NotificationManager$NotifyJob.run(NotificationManager.java:46)
	at org.eclipse.core.internal.jobs.Worker.run(Worker.java:63)
2023-05-09 22:55:49,104 [Worker-32: Building] INFO  o.e.m.c.i.l.LifecycleMappingFactory - Using org.eclipse.m2e.jdt.JarLifecycleMapping lifecycle mapping for MavenProject: hubo.burger:hbweb:0.0.1-SNAPSHOT @ C:\Users\carlo\Documents\GitHub\DI_DAM2\hbwebrepos\hbweb\pom.xml.
2023-05-09 22:55:49,394 [Worker-25: reload maven project] WARN  o.e.m.c.i.embedder.EclipseLogger - The POM for com.microsoft.azure.applicationinsights.v2015_05_01:azure-mgmt-insights:jar:1.0.0-beta is invalid, transitive dependencies (if any) will not be available, enable debug logging for more details
2023-05-09 22:55:49,715 [Worker-32: Building] WARN  o.e.m.c.i.embedder.EclipseLogger - The POM for com.microsoft.azure.applicationinsights.v2015_05_01:azure-mgmt-insights:jar:1.0.0-beta is invalid, transitive dependencies (if any) will not be available, enable debug logging for more details
2023-05-09 22:55:50,054 [Worker-32: Building] INFO  o.a.m.s.f.DefaultMavenResourcesFiltering - Copying 1 resource
2023-05-09 22:55:50,070 [Worker-32: Building] INFO  o.a.m.s.f.DefaultMavenResourcesFiltering - Copying 42 resources
2023-05-09 22:55:50,121 [Worker-32: Building] INFO  o.a.m.s.f.DefaultMavenResourcesFiltering - skip non existing resourceDirectory C:\Users\carlo\Documents\GitHub\DI_DAM2\hbwebrepos\hbweb\src\test\resources
2023-05-09 22:55:51,687 [Worker-39: Building] INFO  o.a.m.s.f.DefaultMavenResourcesFiltering - Copying 1 resource
2023-05-09 22:55:51,693 [Worker-39: Building] INFO  o.a.m.s.f.DefaultMavenResourcesFiltering - Copying 42 resources
2023-05-09 22:55:51,751 [Worker-39: Building] INFO  o.a.m.s.f.DefaultMavenResourcesFiltering - skip non existing resourceDirectory C:\Users\carlo\Documents\GitHub\DI_DAM2\hbwebrepos\hbweb\src\test\resources
2023-05-09 22:55:54,193 [Worker-39: Building] INFO  o.e.m.c.i.l.LifecycleMappingFactory - Using org.eclipse.m2e.jdt.JarLifecycleMapping lifecycle mapping for MavenProject: hubo.burger:hbweb:0.0.1-SNAPSHOT @ C:\Users\carlo\Documents\GitHub\DI_DAM2\hbwebrepos\hbweb\pom.xml.
2023-05-09 22:55:54,776 [Worker-39: Building] WARN  o.e.m.c.i.embedder.EclipseLogger - The POM for com.microsoft.azure.applicationinsights.v2015_05_01:azure-mgmt-insights:jar:1.0.0-beta is invalid, transitive dependencies (if any) will not be available, enable debug logging for more details
2023-05-09 22:55:55,572 [Worker-39: Building] INFO  o.a.m.s.f.DefaultMavenResourcesFiltering - Copying 0 resource
2023-05-09 22:55:55,572 [Worker-39: Building] INFO  o.a.m.s.f.DefaultMavenResourcesFiltering - Copying 0 resource
2023-05-09 22:55:55,575 [Worker-39: Building] INFO  o.a.m.s.f.DefaultMavenResourcesFiltering - skip non existing resourceDirectory C:\Users\carlo\Documents\GitHub\DI_DAM2\hbwebrepos\hbweb\src\test\resources
2023-05-09 23:15:08,899 [Worker-2: Loading available Gradle versions] INFO  o.e.b.c.i.u.g.PublishedGradleVersions - Gradle version information cache is up-to-date. Trying to read.
2023-05-09 23:15:09,050 [Worker-6: Decoration Calculation] WARN  org.eclipse.jgit.util.FS_Win32 - null
2023-05-09 23:15:11,347 [Worker-0: reload maven project] WARN  o.e.m.c.i.embedder.EclipseLogger - The POM for com.microsoft.azure.applicationinsights.v2015_05_01:azure-mgmt-insights:jar:1.0.0-beta is invalid, transitive dependencies (if any) will not be available, enable debug logging for more details
